
> casper-id@0.1.0 dev
> next dev

   ▲ Next.js 14.0.4
   - Local:        http://localhost:3000
   - Environments: .env.local

/bin/sh: yarn: command not found
 ✓ Ready in 2.8s
 ○ Compiling /me ...
Browserslist: caniuse-lite is outdated. Please run:
  npx update-browserslist-db@latest
  Why you should do it regularly: https://github.com/browserslist/update-db#readme
 ⨯ ./lib/casper-context.tsx
ReactServerComponentsError:

You're importing a component that needs useEffect. It only works in a Client Component but none of its parents are marked with "use client", so they're Server Components by default.
Learn more: https://nextjs.org/docs/getting-started/react-essentials

   ,-[[36;1;4m/Users/abisoye/Projects/casperId/lib/casper-context.tsx[0m:1:1]
 [2m1[0m | import { createContext, useContext, useState, useEffect, ReactNode } from 'react';
   : [31;1m                                              ^^^^^^^^^[0m
 [2m2[0m | 
 [2m3[0m | interface CasperContextType {
 [2m4[0m |     isConnected: boolean;
   `----

Maybe one of these should be marked as a client entry with "use client":
  ./lib/casper-context.tsx
  ./app/layout.tsx
 ⨯ ./lib/casper-context.tsx
ReactServerComponentsError:

You're importing a component that needs useEffect. It only works in a Client Component but none of its parents are marked with "use client", so they're Server Components by default.
Learn more: https://nextjs.org/docs/getting-started/react-essentials

   ,-[[36;1;4m/Users/abisoye/Projects/casperId/lib/casper-context.tsx[0m:1:1]
 [2m1[0m | import { createContext, useContext, useState, useEffect, ReactNode } from 'react';
   : [31;1m                                              ^^^^^^^^^[0m
 [2m2[0m | 
 [2m3[0m | interface CasperContextType {
 [2m4[0m |     isConnected: boolean;
   `----

Maybe one of these should be marked as a client entry with "use client":
  ./lib/casper-context.tsx
  ./app/layout.tsx
 ⨯ ./lib/casper-context.tsx
ReactServerComponentsError:

You're importing a component that needs useEffect. It only works in a Client Component but none of its parents are marked with "use client", so they're Server Components by default.
Learn more: https://nextjs.org/docs/getting-started/react-essentials

   ,-[[36;1;4m/Users/abisoye/Projects/casperId/lib/casper-context.tsx[0m:1:1]
 [2m1[0m | import { createContext, useContext, useState, useEffect, ReactNode } from 'react';
   : [31;1m                                              ^^^^^^^^^[0m
 [2m2[0m | 
 [2m3[0m | interface CasperContextType {
 [2m4[0m |     isConnected: boolean;
   `----

Maybe one of these should be marked as a client entry with "use client":
  ./lib/casper-context.tsx
  ./app/layout.tsx
 ⚠ Fast Refresh had to perform a full reload due to a runtime error.
<w> [webpack.cache.PackFileCacheStrategy] Caching failed for pack: Error: ENOENT: no such file or directory, rename '/Users/abisoye/Projects/casperId/.next/cache/webpack/client-development-fallback/0.pack.gz_' -> '/Users/abisoye/Projects/casperId/.next/cache/webpack/client-development-fallback/0.pack.gz'
<w> [webpack.cache.PackFileCacheStrategy] Caching failed for pack: Error: ENOENT: no such file or directory, rename '/Users/abisoye/Projects/casperId/.next/cache/webpack/client-development-fallback/0.pack.gz_' -> '/Users/abisoye/Projects/casperId/.next/cache/webpack/client-development-fallback/0.pack.gz'
<w> [webpack.cache.PackFileCacheStrategy] Caching failed for pack: Error: ENOENT: no such file or directory, rename '/Users/abisoye/Projects/casperId/.next/cache/webpack/client-development-fallback/0.pack.gz_' -> '/Users/abisoye/Projects/casperId/.next/cache/webpack/client-development-fallback/0.pack.gz'
 ✓ Compiled /not-found in 2.8s (3524 modules)
 ⚠ Fast Refresh had to perform a full reload due to a runtime error.
 ⚠ Fast Refresh had to perform a full reload due to a runtime error.
 ✓ Compiled /me in 121ms (295 modules)
 ✓ Compiled (2974 modules)
[?25h
